2025-12-03 16:32:40,478 | WARNING | Kitaev Lattice | run_all.py:67 | Coupling was turned off but you still passed a value to Coupling_strength:1.0!
Setting coupling to 0!
2025-12-03 16:32:40,492 | CRITICAL | Kitaev Lattice | run_all.py:138 | !!The typing is not right from the computation, this will crash or corrupt the cache!!
From kit computation we have type <class 'int'>
From tirangle lattice we have type <class 'int'>
2025-12-03 16:32:40,502 | CRITICAL | Kitaev Lattice | run_all.py:138 | !!The typing is not right from the computation, this will crash or corrupt the cache!!
From kit computation we have type <class 'int'>
From tirangle lattice we have type <class 'int'>
2025-12-03 16:32:40,512 | CRITICAL | Kitaev Lattice | run_all.py:138 | !!The typing is not right from the computation, this will crash or corrupt the cache!!
From kit computation we have type <class 'int'>
From tirangle lattice we have type <class 'int'>
2025-12-03 16:32:40,528 | CRITICAL | Kitaev Lattice | run_all.py:138 | !!The typing is not right from the computation, this will crash or corrupt the cache!!
From kit computation we have type <class 'int'>
From tirangle lattice we have type <class 'int'>
2025-12-03 16:32:40,541 | CRITICAL | Kitaev Lattice | run_all.py:138 | !!The typing is not right from the computation, this will crash or corrupt the cache!!
From kit computation we have type <class 'int'>
From tirangle lattice we have type <class 'int'>
2025-12-03 16:32:40,551 | CRITICAL | Kitaev Lattice | run_all.py:138 | !!The typing is not right from the computation, this will crash or corrupt the cache!!
From kit computation we have type <class 'int'>
From tirangle lattice we have type <class 'int'>
2025-12-03 16:32:40,565 | CRITICAL | Kitaev Lattice | run_all.py:138 | !!The typing is not right from the computation, this will crash or corrupt the cache!!
From kit computation we have type <class 'int'>
From tirangle lattice we have type <class 'int'>
2025-12-03 16:32:40,577 | CRITICAL | Kitaev Lattice | run_all.py:138 | !!The typing is not right from the computation, this will crash or corrupt the cache!!
From kit computation we have type <class 'int'>
From tirangle lattice we have type <class 'int'>
2025-12-03 16:32:40,589 | CRITICAL | Kitaev Lattice | run_all.py:138 | !!The typing is not right from the computation, this will crash or corrupt the cache!!
From kit computation we have type <class 'int'>
From tirangle lattice we have type <class 'int'>
2025-12-03 16:32:40,598 | CRITICAL | Kitaev Lattice | run_all.py:138 | !!The typing is not right from the computation, this will crash or corrupt the cache!!
From kit computation we have type <class 'int'>
From tirangle lattice we have type <class 'int'>
2025-12-03 16:32:40,613 | CRITICAL | Kitaev Lattice | run_all.py:138 | !!The typing is not right from the computation, this will crash or corrupt the cache!!
From kit computation we have type <class 'int'>
From tirangle lattice we have type <class 'int'>
2025-12-03 16:32:40,623 | CRITICAL | Kitaev Lattice | run_all.py:138 | !!The typing is not right from the computation, this will crash or corrupt the cache!!
From kit computation we have type <class 'int'>
From tirangle lattice we have type <class 'int'>
2025-12-03 16:32:40,633 | CRITICAL | Kitaev Lattice | run_all.py:138 | !!The typing is not right from the computation, this will crash or corrupt the cache!!
From kit computation we have type <class 'int'>
From tirangle lattice we have type <class 'int'>
2025-12-03 16:32:40,650 | CRITICAL | Kitaev Lattice | run_all.py:138 | !!The typing is not right from the computation, this will crash or corrupt the cache!!
From kit computation we have type <class 'int'>
From tirangle lattice we have type <class 'int'>
2025-12-03 16:32:40,667 | CRITICAL | Kitaev Lattice | run_all.py:138 | !!The typing is not right from the computation, this will crash or corrupt the cache!!
From kit computation we have type <class 'int'>
From tirangle lattice we have type <class 'int'>
