2025-12-03 16:39:38,896 | WARNING | Kitaev Lattice | run_all.py:67 | Coupling was turned off but you still passed a value to Coupling_strength:1.0!
Setting coupling to 0!
2025-12-03 16:39:38,908 | CRITICAL | Kitaev Lattice | run_all.py:139 | !!The typing is not right from the computation, this will crash or corrupt the cache!!
From kit computation we have type <class 'int'>
From tirangle lattice we have type <class 'numpy.float64'>
2025-12-03 16:39:38,919 | CRITICAL | Kitaev Lattice | run_all.py:139 | !!The typing is not right from the computation, this will crash or corrupt the cache!!
From kit computation we have type <class 'int'>
From tirangle lattice we have type <class 'numpy.float64'>
2025-12-03 16:39:38,934 | CRITICAL | Kitaev Lattice | run_all.py:139 | !!The typing is not right from the computation, this will crash or corrupt the cache!!
From kit computation we have type <class 'int'>
From tirangle lattice we have type <class 'numpy.float64'>
2025-12-03 16:39:38,944 | CRITICAL | Kitaev Lattice | run_all.py:139 | !!The typing is not right from the computation, this will crash or corrupt the cache!!
From kit computation we have type <class 'int'>
From tirangle lattice we have type <class 'numpy.float64'>
2025-12-03 16:39:38,955 | CRITICAL | Kitaev Lattice | run_all.py:139 | !!The typing is not right from the computation, this will crash or corrupt the cache!!
From kit computation we have type <class 'int'>
From tirangle lattice we have type <class 'numpy.float64'>
2025-12-03 16:39:38,969 | CRITICAL | Kitaev Lattice | run_all.py:139 | !!The typing is not right from the computation, this will crash or corrupt the cache!!
From kit computation we have type <class 'int'>
From tirangle lattice we have type <class 'numpy.float64'>
2025-12-03 16:39:38,982 | CRITICAL | Kitaev Lattice | run_all.py:139 | !!The typing is not right from the computation, this will crash or corrupt the cache!!
From kit computation we have type <class 'int'>
From tirangle lattice we have type <class 'numpy.float64'>
2025-12-03 16:39:38,992 | CRITICAL | Kitaev Lattice | run_all.py:139 | !!The typing is not right from the computation, this will crash or corrupt the cache!!
From kit computation we have type <class 'int'>
From tirangle lattice we have type <class 'numpy.float64'>
2025-12-03 16:39:39,002 | CRITICAL | Kitaev Lattice | run_all.py:139 | !!The typing is not right from the computation, this will crash or corrupt the cache!!
From kit computation we have type <class 'int'>
From tirangle lattice we have type <class 'numpy.float64'>
2025-12-03 16:39:39,018 | CRITICAL | Kitaev Lattice | run_all.py:139 | !!The typing is not right from the computation, this will crash or corrupt the cache!!
From kit computation we have type <class 'int'>
From tirangle lattice we have type <class 'numpy.float64'>
2025-12-03 16:39:39,030 | CRITICAL | Kitaev Lattice | run_all.py:139 | !!The typing is not right from the computation, this will crash or corrupt the cache!!
From kit computation we have type <class 'int'>
From tirangle lattice we have type <class 'numpy.float64'>
2025-12-03 16:39:39,043 | CRITICAL | Kitaev Lattice | run_all.py:139 | !!The typing is not right from the computation, this will crash or corrupt the cache!!
From kit computation we have type <class 'int'>
From tirangle lattice we have type <class 'numpy.float64'>
2025-12-03 16:39:39,053 | CRITICAL | Kitaev Lattice | run_all.py:139 | !!The typing is not right from the computation, this will crash or corrupt the cache!!
From kit computation we have type <class 'int'>
From tirangle lattice we have type <class 'numpy.float64'>
2025-12-03 16:39:39,064 | CRITICAL | Kitaev Lattice | run_all.py:139 | !!The typing is not right from the computation, this will crash or corrupt the cache!!
From kit computation we have type <class 'int'>
From tirangle lattice we have type <class 'numpy.float64'>
2025-12-03 16:39:39,074 | CRITICAL | Kitaev Lattice | run_all.py:139 | !!The typing is not right from the computation, this will crash or corrupt the cache!!
From kit computation we have type <class 'int'>
From tirangle lattice we have type <class 'numpy.float64'>
