2025-12-03 16:33:26,581 | WARNING | Kitaev Lattice | run_all.py:67 | Coupling was turned off but you still passed a value to Coupling_strength:1.0!
Setting coupling to 0!
2025-12-03 16:33:26,600 | CRITICAL | Kitaev Lattice | run_all.py:139 | !!The typing is not right from the computation, this will crash or corrupt the cache!!
From kit computation we have type <class 'int'>
From tirangle lattice we have type <class 'int'>
2025-12-03 16:33:26,609 | CRITICAL | Kitaev Lattice | run_all.py:139 | !!The typing is not right from the computation, this will crash or corrupt the cache!!
From kit computation we have type <class 'int'>
From tirangle lattice we have type <class 'int'>
2025-12-03 16:33:26,619 | CRITICAL | Kitaev Lattice | run_all.py:139 | !!The typing is not right from the computation, this will crash or corrupt the cache!!
From kit computation we have type <class 'int'>
From tirangle lattice we have type <class 'int'>
2025-12-03 16:33:26,635 | CRITICAL | Kitaev Lattice | run_all.py:139 | !!The typing is not right from the computation, this will crash or corrupt the cache!!
From kit computation we have type <class 'int'>
From tirangle lattice we have type <class 'int'>
2025-12-03 16:33:26,646 | CRITICAL | Kitaev Lattice | run_all.py:139 | !!The typing is not right from the computation, this will crash or corrupt the cache!!
From kit computation we have type <class 'int'>
From tirangle lattice we have type <class 'int'>
2025-12-03 16:33:26,660 | CRITICAL | Kitaev Lattice | run_all.py:139 | !!The typing is not right from the computation, this will crash or corrupt the cache!!
From kit computation we have type <class 'int'>
From tirangle lattice we have type <class 'int'>
2025-12-03 16:33:26,675 | CRITICAL | Kitaev Lattice | run_all.py:139 | !!The typing is not right from the computation, this will crash or corrupt the cache!!
From kit computation we have type <class 'int'>
From tirangle lattice we have type <class 'int'>
2025-12-03 16:33:26,690 | CRITICAL | Kitaev Lattice | run_all.py:139 | !!The typing is not right from the computation, this will crash or corrupt the cache!!
From kit computation we have type <class 'int'>
From tirangle lattice we have type <class 'int'>
2025-12-03 16:33:26,707 | CRITICAL | Kitaev Lattice | run_all.py:139 | !!The typing is not right from the computation, this will crash or corrupt the cache!!
From kit computation we have type <class 'int'>
From tirangle lattice we have type <class 'int'>
2025-12-03 16:33:26,717 | CRITICAL | Kitaev Lattice | run_all.py:139 | !!The typing is not right from the computation, this will crash or corrupt the cache!!
From kit computation we have type <class 'int'>
From tirangle lattice we have type <class 'int'>
2025-12-03 16:33:26,736 | CRITICAL | Kitaev Lattice | run_all.py:139 | !!The typing is not right from the computation, this will crash or corrupt the cache!!
From kit computation we have type <class 'int'>
From tirangle lattice we have type <class 'int'>
2025-12-03 16:33:26,749 | CRITICAL | Kitaev Lattice | run_all.py:139 | !!The typing is not right from the computation, this will crash or corrupt the cache!!
From kit computation we have type <class 'int'>
From tirangle lattice we have type <class 'int'>
2025-12-03 16:33:26,758 | CRITICAL | Kitaev Lattice | run_all.py:139 | !!The typing is not right from the computation, this will crash or corrupt the cache!!
From kit computation we have type <class 'int'>
From tirangle lattice we have type <class 'int'>
2025-12-03 16:33:26,768 | CRITICAL | Kitaev Lattice | run_all.py:139 | !!The typing is not right from the computation, this will crash or corrupt the cache!!
From kit computation we have type <class 'int'>
From tirangle lattice we have type <class 'int'>
2025-12-03 16:33:26,780 | CRITICAL | Kitaev Lattice | run_all.py:139 | !!The typing is not right from the computation, this will crash or corrupt the cache!!
From kit computation we have type <class 'int'>
From tirangle lattice we have type <class 'int'>
